[    0.000000] Initializing cgroup subsys cpuset
[    0.000000] Initializing cgroup subsys cpu
[    0.000000] Initializing cgroup subsys cpuacct
[    0.000000] Linux version 4.4.0-201-generic (buildd@lgw01-amd64-044) (gcc version 5.4.0 20160609 (Ubuntu 5.4.0-6ubuntu1~16.04.12) ) #233-Ubuntu SMP Thu Jan 14 06:10:28 UTC 2021 (Ubuntu 4.4.0-201.233-generic 4.4.247)
[    0.000000] Command line: BOOT_IMAGE=/boot/vmlinuz-4.4.0-201-generic root=LABEL=cloudimg-rootfs ro console=tty1 console=ttyS0
[    0.000000] KERNEL supported cpus:
[    0.000000]   Intel GenuineIntel
[    0.000000]   AMD AuthenticAMD
[    0.000000]   Centaur CentaurHauls
[    0.000000] x86/fpu: xstate_offset[2]:  576, xstate_sizes[2]:  256
[    0.000000] x86/fpu: Supporting XSAVE feature 0x01: 'x87 floating point registers'
[    0.000000] x86/fpu: Supporting XSAVE feature 0x02: 'SSE registers'
[    0.000000] x86/fpu: Supporting XSAVE feature 0x04: 'AVX registers'
[    0.000000] x86/fpu: Enabled xstate features 0x7, context size is 832 bytes, using 'standard' format.
[    0.000000] e820: BIOS-provided physical RAM map:
[    0.000000] BIOS-e820: [mem 0x0000000000000000-0x000000000009fbff] usable
[    0.000000] BIOS-e820: [mem 0x000000000009fc00-0x000000000009ffff] reserved
[    0.000000] BIOS-e820: [mem 0x00000000000f0000-0x00000000000fffff] reserved
[    0.000000] BIOS-e820: [mem 0x0000000000100000-0x000000003ffeffff] usable
[    0.000000] BIOS-e820: [mem 0x000000003fff0000-0x000000003fffffff] ACPI data
[    0.000000] BIOS-e820: [mem 0x00000000fec00000-0x00000000fec00fff] reserved
[    0.000000] BIOS-e820: [mem 0x00000000fee00000-0x00000000fee00fff] reserved
[    0.000000] BIOS-e820: [mem 0x00000000fffc0000-0x00000000ffffffff] reserved
[    0.000000] NX (Execute Disable) protection: active
[    0.000000] SMBIOS 2.5 present.
[    0.000000] Hypervisor detected: KVM
[    0.000000] e820: last_pfn = 0x3fff0 max_arch_pfn = 0x400000000
[    0.000000] MTRR: Disabled
[    0.000000] x86/PAT: MTRRs disabled, skipping PAT initialization too.
[    0.000000] CPU MTRRs all blank - virtualized system.
[    0.000000] x86/PAT: Configuration [0-7]: WB  WT  UC- UC  WB  WT  UC- UC  
[    0.000000] found SMP MP-table at [mem 0x0009fff0-0x0009ffff] mapped at [ffff88000009fff0]
[    0.000000] Scanning 1 areas for low memory corruption
[    0.000000] RAMDISK: [mem 0x362dc000-0x37165fff]
[    0.000000] ACPI: Early table checksum verification disabled
[    0.000000] ACPI: RSDP 0x00000000000E0000 000024 (v02 VBOX  )
[    0.000000] ACPI: XSDT 0x000000003FFF0030 00003C (v01 VBOX   VBOXXSDT 00000001 ASL  00000061)
[    0.000000] ACPI: FACP 0x000000003FFF00F0 0000F4 (v04 VBOX   VBOXFACP 00000001 ASL  00000061)
[    0.000000] ACPI: DSDT 0x000000003FFF0470 002325 (v02 VBOX   VBOXBIOS 00000002 INTL 20120111)
[    0.000000] ACPI: FACS 0x000000003FFF0200 000040
[    0.000000] ACPI: FACS 0x000000003FFF0200 000040
[    0.000000] ACPI: APIC 0x000000003FFF0240 00005C (v02 VBOX   VBOXAPIC 00000001 ASL  00000061)
[    0.000000] ACPI: SSDT 0x000000003FFF02A0 0001CC (v01 VBOX   VBOXCPUT 00000002 INTL 20120111)
[    0.000000] No NUMA configuration found
[    0.000000] Faking a node at [mem 0x0000000000000000-0x000000003ffeffff]
[    0.000000] NODE_DATA(0) allocated [mem 0x3ffeb000-0x3ffeffff]
[    0.000000] kvm-clock: Using msrs 4b564d01 and 4b564d00
[    0.000000] kvm-clock: cpu 0, msr 0:3ffe3001, primary cpu clock
[    0.000000] kvm-clock: using sched offset of 3853945966 cycles
[    0.000000] clocksource: kvm-clock: mask: 0xffffffffffffffff max_cycles: 0x1cd42e4dffb, max_idle_ns: 881590591483 ns
[    0.000000] Zone ranges:
[    0.000000]   DMA      [mem 0x0000000000001000-0x0000000000ffffff]
[    0.000000]   DMA32    [mem 0x0000000001000000-0x000000003ffeffff]
[    0.000000]   Normal   empty
[    0.000000]   Device   empty
[    0.000000] Movable zone start for each node
[    0.000000] Early memory node ranges
[    0.000000]   node   0: [mem 0x0000000000001000-0x000000000009efff]
[    0.000000]   node   0: [mem 0x0000000000100000-0x000000003ffeffff]
[    0.000000] Initmem setup node 0 [mem 0x0000000000001000-0x000000003ffeffff]
[    0.000000] ACPI: PM-Timer IO Port: 0x4008
[    0.000000] IOAPIC[0]: apic_id 2, version 32, address 0xfec00000, GSI 0-23
[    0.000000] ACPI: INT_SRC_OVR (bus 0 bus_irq 0 global_irq 2 dfl dfl)
[    0.000000] ACPI: INT_SRC_OVR (bus 0 bus_irq 9 global_irq 9 low level)
[    0.000000] Using ACPI (MADT) for SMP configuration information
[    0.000000] smpboot: Allowing 2 CPUs, 0 hotplug CPUs
[    0.000000] PM: Registered nosave memory: [mem 0x00000000-0x00000fff]
[    0.000000] PM: Registered nosave memory: [mem 0x0009f000-0x0009ffff]
[    0.000000] PM: Registered nosave memory: [mem 0x000a0000-0x000effff]
[    0.000000] PM: Registered nosave memory: [mem 0x000f0000-0x000fffff]
[    0.000000] e820: [mem 0x40000000-0xfebfffff] available for PCI devices
[    0.000000] Booting paravirtualized kernel on KVM
[    0.000000] clocksource: refined-jiffies: mask: 0xffffffff max_cycles: 0xffffffff, max_idle_ns: 7645519600211568 ns
[    0.000000] setup_percpu: NR_CPUS:512 nr_cpumask_bits:512 nr_cpu_ids:2 nr_node_ids:1
[    0.000000] PERCPU: Embedded 33 pages/cpu @ffff88003fc00000 s95640 r8192 d31336 u1048576
[    0.000000] Built 1 zonelists in Node order, mobility grouping on.  Total pages: 257912
[    0.000000] Policy zone: DMA32
[    0.000000] Kernel command line: BOOT_IMAGE=/boot/vmlinuz-4.4.0-201-generic root=LABEL=cloudimg-rootfs ro console=tty1 console=ttyS0
[    0.000000] PID hash table entries: 4096 (order: 3, 32768 bytes)
[    0.000000] Memory: 997656K/1048120K available (8641K kernel code, 1337K rwdata, 4044K rodata, 1492K init, 1296K bss, 50464K reserved, 0K cma-reserved)
[    0.000000] SLUB: HWalign=64, Order=0-3, MinObjects=0, CPUs=2, Nodes=1
[    0.000000] Kernel/User page tables isolation: enabled
[    0.000000] Hierarchical RCU implementation.
[    0.000000] 	Build-time adjustment of leaf fanout to 64.
[    0.000000] 	RCU restricting CPUs from NR_CPUS=512 to nr_cpu_ids=2.
[    0.000000] RCU: Adjusting geometry for rcu_fanout_leaf=64, nr_cpu_ids=2
[    0.000000] NR_IRQS:33024 nr_irqs:440 16
[    0.000000] Console: colour VGA+ 80x25
[    0.000000] console [tty1] enabled
[    0.000000] console [ttyS0] enabled
[    0.000000] tsc: Detected 1992.000 MHz processor
[    0.231362] Calibrating delay loop (skipped) preset value.. 3984.00 BogoMIPS (lpj=7968000)
[    0.234495] pid_max: default: 32768 minimum: 301
[    0.235859] ACPI: Core revision 20150930
[    0.237917] ACPI: 2 ACPI AML tables successfully acquired and loaded
[    0.239950] Security Framework initialized
[    0.241512] Yama: becoming mindful.
[    0.242889] AppArmor: AppArmor initialized
[    0.244135] Dentry cache hash table entries: 131072 (order: 8, 1048576 bytes)
[    0.247693] Inode-cache hash table entries: 65536 (order: 7, 524288 bytes)
[    0.249726] Mount-cache hash table entries: 2048 (order: 2, 16384 bytes)
[    0.253027] Mountpoint-cache hash table entries: 2048 (order: 2, 16384 bytes)
[    0.255083] Initializing cgroup subsys io
[    0.256529] Initializing cgroup subsys memory
[    0.258950] Initializing cgroup subsys devices
[    0.260476] Initializing cgroup subsys freezer
[    0.261744] Initializing cgroup subsys net_cls
[    0.263167] Initializing cgroup subsys perf_event
[    0.264966] Initializing cgroup subsys net_prio
[    0.266721] Initializing cgroup subsys hugetlb
[    0.269541] Initializing cgroup subsys pids
[    0.283407] mce: CPU supports 0 MCE banks
[    0.285063] Last level iTLB entries: 4KB 64, 2MB 8, 4MB 8
[    0.287116] Last level dTLB entries: 4KB 64, 2MB 0, 4MB 0, 1GB 4
[    0.289036] Spectre V1 : Mitigation: usercopy/swapgs barriers and __user pointer sanitization
[    0.291502] Spectre V2 : Mitigation: Full generic retpoline
[    0.293914] Spectre V2 : Spectre v2 / SpectreRSB mitigation: Filling RSB on context switch
[    0.296389] Speculative Store Bypass: Vulnerable
[    0.297783] SRBDS: Unknown: Dependent on hypervisor status
[    0.299998] MDS: Mitigation: Clear CPU buffers
[    0.304371] Freeing SMP alternatives memory: 36K
[    0.313432] ftrace: allocating 32361 entries in 127 pages
[    0.381416] smpboot: APIC(0) Converting physical 0 to logical package 0
[    0.384105] smpboot: Max logical packages: 1
[    0.386033] x2apic enabled
[    0.387455] Switched APIC routing to physical x2apic.
[    0.390702] ..TIMER: vector=0x30 apic1=0 pin1=2 apic2=-1 pin2=-1
[    0.500953] smpboot: CPU0: Intel(R) Core(TM) i5-6360U CPU @ 2.00GHz (family: 0x6, model: 0x4e, stepping: 0x3)
[    0.505038] Performance Events: unsupported p6 CPU model 78 no PMU driver, software events only.
[    0.520291] KVM setup paravirtual spinlock
[    0.523660] x86: Booting SMP configuration:
[    0.525960] .... node  #0, CPUs:      #1
[    0.527322] kvm-clock: cpu 1, msr 0:3ffe3041, secondary cpu clock
[    0.542875] mce: CPU supports 0 MCE banks
[    0.545778] x86: Booted up 1 node, 2 CPUs
[    0.547736] smpboot: Total of 2 processors activated (7968.00 BogoMIPS)
[    0.550405] devtmpfs: initialized
[    0.553602] evm: security.selinux
[    0.555087] evm: security.SMACK64
[    0.556557] evm: security.SMACK64EXEC
[    0.558090] evm: security.SMACK64TRANSMUTE
[    0.559590] evm: security.SMACK64MMAP
[    0.561009] evm: security.ima
[    0.562208] evm: security.capability
[    0.566203] clocksource: jiffies: mask: 0xffffffff max_cycles: 0xffffffff, max_idle_ns: 7645041785100000 ns
[    0.570472] futex hash table entries: 512 (order: 3, 32768 bytes)
[    0.572887] pinctrl core: initialized pinctrl subsystem
[    0.574554] RTC time: 11:18:55, date: 02/09/21
[    0.576807] NET: Registered protocol family 16
[    0.594154] cpuidle: using governor ladder
[    0.606488] cpuidle: using governor menu
[    0.609455] PCCT header not found.
[    0.610805] ACPI: bus type PCI registered
[    0.612710] acpiphp: ACPI Hot Plug PCI Controller Driver version: 0.5
[    0.614681] PCI: Using configuration type 1 for base access
[    0.627659] ACPI: Added _OSI(Module Device)
[    0.629706] ACPI: Added _OSI(Processor Device)
[    0.631239] ACPI: Added _OSI(3.0 _SCP Extensions)
[    0.632681] ACPI: Added _OSI(Processor Aggregator Device)
[    0.635430] ACPI: Executed 1 blocks of module-level executable AML code
[    0.639554] ACPI: Interpreter enabled
[    0.640774] ACPI: (supports S0 S5)
[    0.641979] ACPI: Using IOAPIC for interrupt routing
[    0.644083] PCI: Using host bridge windows from ACPI; if necessary, use "pci=nocrs" and report a bug
[    0.653359] ACPI: PCI Root Bridge [PCI0] (domain 0000 [bus 00-ff])
[    0.655594] acpi PNP0A03:00: _OSC: OS supports [ASPM ClockPM Segments MSI]
[    0.658552] acpi PNP0A03:00: _OSC: not requesting OS control; OS requires [ExtendedConfig ASPM ClockPM MSI]
[    0.661249] acpi PNP0A03:00: fail to add MMCONFIG information, can't access extended PCI configuration space under this bridge.
[    0.665212] PCI host bridge to bus 0000:00
[    0.666697] pci_bus 0000:00: root bus resource [io  0x0000-0x0cf7 window]
[    0.668844] pci_bus 0000:00: root bus resource [io  0x0d00-0xffff window]
[    0.671509] pci_bus 0000:00: root bus resource [mem 0x000a0000-0x000bffff window]
[    0.673973] pci_bus 0000:00: root bus resource [mem 0x40000000-0xfdffffff window]
[    0.676273] pci_bus 0000:00: root bus resource [bus 00-ff]
[    0.681393] pci 0000:00:01.1: legacy IDE quirk: reg 0x10: [io  0x01f0-0x01f7]
[    0.683767] pci 0000:00:01.1: legacy IDE quirk: reg 0x14: [io  0x03f6]
[    0.685562] pci 0000:00:01.1: legacy IDE quirk: reg 0x18: [io  0x0170-0x0177]
[    0.698249] pci 0000:00:01.1: legacy IDE quirk: reg 0x1c: [io  0x0376]
[    0.718002] pci 0000:00:07.0: quirk: [io  0x4000-0x403f] claimed by PIIX4 ACPI
[    0.720557] pci 0000:00:07.0: quirk: [io  0x4100-0x410f] claimed by PIIX4 SMB
[    0.735611] ACPI: PCI Interrupt Link [LNKA] (IRQs 5 9 10 *11)
[    0.738188] ACPI: PCI Interrupt Link [LNKB] (IRQs 5 9 *10 11)
[    0.740381] ACPI: PCI Interrupt Link [LNKC] (IRQs 5 *9 10 11)
[    0.743016] ACPI: PCI Interrupt Link [LNKD] (IRQs 5 9 10 *11)
[    0.745387] ACPI: Enabled 2 GPEs in block 00 to 07
[    0.747691] vgaarb: setting as boot device: PCI:0000:00:02.0
[    0.749570] vgaarb: device added: PCI:0000:00:02.0,decodes=io+mem,owns=io+mem,locks=none
[    0.752371] vgaarb: loaded
[    0.753235] vgaarb: bridge control possible 0000:00:02.0
[    0.755518] SCSI subsystem initialized
[    0.757313] ACPI: bus type USB registered
[    0.758668] usbcore: registered new interface driver usbfs
[    0.760670] usbcore: registered new interface driver hub
[    0.762961] usbcore: registered new device driver usb
[    0.764994] PCI: Using ACPI for IRQ routing
[    0.768150] NetLabel: Initializing
[    0.769656] NetLabel:  domain hash size = 128
[    0.770918] NetLabel:  protocols = UNLABELED CIPSOv4
[    0.772368] NetLabel:  unlabeled traffic allowed by default
[    0.774904] amd_nb: Cannot enumerate AMD northbridges
[    0.777512] clocksource: Switched to clocksource kvm-clock
[    0.789193] AppArmor: AppArmor Filesystem Enabled
[    0.791724] pnp: PnP ACPI init
[    0.794895] pnp: PnP ACPI: found 3 devices
[    0.808292] clocksource: acpi_pm: mask: 0xffffff max_cycles: 0xffffff, max_idle_ns: 2085701024 ns
[    0.812124] NET: Registered protocol family 2
[    0.816945] TCP established hash table entries: 8192 (order: 4, 65536 bytes)
[    0.821898] TCP bind hash table entries: 8192 (order: 5, 131072 bytes)
[    0.825551] TCP: Hash tables configured (established 8192 bind 8192)
[    0.829159] UDP hash table entries: 512 (order: 2, 16384 bytes)
[    0.833129] UDP-Lite hash table entries: 512 (order: 2, 16384 bytes)
[    0.836473] NET: Registered protocol family 1
[    0.839102] pci 0000:00:00.0: Limiting direct PCI/PCI transfers
[    0.842743] pci 0000:00:01.0: Activating ISA DMA hang workarounds
[    0.846446] Unpacking initramfs...
[    1.138538] Freeing initrd memory: 14888K
[    1.140195] clocksource: tsc: mask: 0xffffffffffffffff max_cycles: 0x396d519840e, max_idle_ns: 881590569543 ns
[    1.143744] platform rtc_cmos: registered platform RTC device (no PNP device found)
[    1.146297] Scanning for low memory corruption every 60 seconds
[    1.148700] audit: initializing netlink subsys (disabled)
[    1.150358] audit: type=2000 audit(1612869540.700:1): initialized
[    1.153377] Initialise system trusted keyring
[    1.156387] HugeTLB registered 2 MB page size, pre-allocated 0 pages
[    1.159943] zbud: loaded
[    1.161141] VFS: Disk quotas dquot_6.6.0
[    1.162429] VFS: Dquot-cache hash table entries: 512 (order 0, 4096 bytes)
[    1.164666] squashfs: version 4.0 (2009/01/31) Phillip Lougher
[    1.167258] fuse init (API version 7.23)
[    1.169670] Key type big_key registered
[    1.171245] Allocating IMA MOK and blacklist keyrings.
[    1.174563] Key type asymmetric registered
[    1.176045] Asymmetric key parser 'x509' registered
[    1.177457] Block layer SCSI generic (bsg) driver version 0.4 loaded (major 249)
[    1.180406] io scheduler noop registered
[    1.181551] io scheduler deadline registered (default)
[    1.183565] io scheduler cfq registered
[    1.184809] pci_hotplug: PCI Hot Plug PCI Core version: 0.5
[    1.186515] pciehp: PCI Express Hot Plug Controller Driver version: 0.4
[    1.189339] ACPI: AC Adapter [AC] (off-line)
[    1.190817] input: Power Button as /devices/LNXSYSTM:00/LNXPWRBN:00/input/input0
[    1.193503] ACPI: Power Button [PWRF]
[    1.194736] input: Sleep Button as /devices/LNXSYSTM:00/LNXSLPBN:00/input/input1
[    1.197541] ACPI: Sleep Button [SLPF]
[    1.199093] GHES: HEST is not enabled!
[    1.200785] ACPI: Battery Slot [BAT0] (battery present)
[    1.201771] Serial: 8250/16550 driver, 32 ports, IRQ sharing enabled
[    1.223948] 00:02: ttyS0 at I/O 0x3f8 (irq = 4, base_baud = 115200) is a 16550A
[    1.227685] Linux agpgart interface v0.103
[    1.232351] loop: module loaded
[    1.234261] scsi host0: ata_piix
[    1.235469] scsi host1: ata_piix
[    1.236951] ata1: PATA max UDMA/33 cmd 0x1f0 ctl 0x3f6 bmdma 0xd000 irq 14
[    1.238962] ata2: PATA max UDMA/33 cmd 0x170 ctl 0x376 bmdma 0xd008 irq 15
[    1.241446] libphy: Fixed MDIO Bus: probed
[    1.242895] tun: Universal TUN/TAP device driver, 1.6
[    1.244385] tun: (C) 1999-2004 Max Krasnyansky <maxk@qualcomm.com>
[    1.246189] PPP generic driver version 2.4.2
[    1.247480] ehci_hcd: USB 2.0 'Enhanced' Host Controller (EHCI) Driver
[    1.249249] ehci-pci: EHCI PCI platform driver
[    1.251130] ehci-platform: EHCI generic platform driver
[    1.252630] ohci_hcd: USB 1.1 'Open' Host Controller (OHCI) Driver
[    1.254378] ohci-pci: OHCI PCI platform driver
[    1.256667] ohci-platform: OHCI generic platform driver
[    1.259642] uhci_hcd: USB Universal Host Controller Interface driver
[    1.262029] i8042: PNP: PS/2 Controller [PNP0303:PS2K,PNP0f03:PS2M] at 0x60,0x64 irq 1,12
[    1.265623] serio: i8042 KBD port at 0x60,0x64 irq 1
[    1.267883] serio: i8042 AUX port at 0x60,0x64 irq 12
[    1.270615] mousedev: PS/2 mouse device common for all mice
[    1.272905] input: AT Translated Set 2 keyboard as /devices/platform/i8042/serio0/input/input2
[    1.276943] rtc_cmos rtc_cmos: rtc core: registered rtc_cmos as rtc0
[    1.279205] rtc_cmos rtc_cmos: alarms up to one day, 114 bytes nvram
[    1.281090] i2c /dev entries driver
[    1.282603] device-mapper: uevent: version 1.0.3
[    1.284353] device-mapper: ioctl: 4.34.0-ioctl (2015-10-28) initialised: dm-devel@redhat.com
[    1.287469] ledtrig-cpu: registered to indicate activity on CPUs
[    1.291522] NET: Registered protocol family 10
[    1.293481] NET: Registered protocol family 17
[    1.294883] Key type dns_resolver registered
[    1.296844] registered taskstats version 1
[    1.298220] Loading compiled-in X.509 certificates
[    1.300164] Loaded X.509 cert 'Build time autogenerated kernel key: 9e5e2330314f2a00b0409bdb338e201244d5149f'
[    1.303158] zswap: loaded using pool lzo/zbud
[    1.306542] Key type trusted registered
[    1.311492] Key type encrypted registered
[    1.313158] AppArmor: AppArmor sha1 policy hashing enabled
[    1.315051] ima: No TPM chip found, activating TPM-bypass!
[    1.316623] ima: Allocated hash algorithm: sha1
[    1.317947] evm: HMAC attrs: 0x1
[    1.319716]   Magic number: 9:88:327
[    1.321026] rtc_cmos rtc_cmos: setting system clock to 2021-02-09 11:18:56 UTC (1612869536)
[    1.325545] BIOS EDD facility v0.16 2004-Jun-25, 0 devices found
[    1.328060] EDD information not available.
[    1.423738] Freeing unused kernel memory: 1492K
[    1.425762] Write protecting the kernel read-only data: 14336k
[    1.427884] Freeing unused kernel memory: 1588K
[    1.429356] Freeing unused kernel memory: 52K
Loading, please wait...
starting version 229
[    1.448412] random: systemd-udevd: uninitialized urandom read (16 bytes read, 3 bits of entropy available)
[    1.449305] random: udevadm: uninitialized urandom read (16 bytes read, 3 bits of entropy available)
[    1.449345] random: udevadm: uninitialized urandom read (16 bytes read, 3 bits of entropy available)
[    1.460768] random: systemd-udevd: uninitialized urandom read (16 bytes read, 3 bits of entropy available)
[    1.462290] random: udevadm: uninitialized urandom read (16 bytes read, 3 bits of entropy available)
[    1.462361] random: udevadm: uninitialized urandom read (16 bytes read, 3 bits of entropy available)
[    1.462605] random: udevadm: uninitialized urandom read (16 bytes read, 3 bits of entropy available)
[    1.462689] random: udevadm: uninitialized urandom read (16 bytes read, 3 bits of entropy available)
[    1.462772] random: udevadm: uninitialized urandom read (16 bytes read, 3 bits of entropy available)
[    1.462861] random: udevadm: uninitialized urandom read (16 bytes read, 3 bits of entropy available)
[    1.538275] Fusion MPT base driver 3.04.20
[    1.539596] Copyright (c) 1999-2008 LSI Corporation
[    1.542879] e1000: Intel(R) PRO/1000 Network Driver - version 7.3.21-k8-NAPI
[    1.544866] e1000: Copyright (c) 1999-2006 Intel Corporation.
[    1.549357] Fusion MPT SPI Host driver 3.04.20
[    1.576055] AVX2 version of gcm_enc/dec engaged.
[    1.577952] AES CTR mode by8 optimization enabled
[    1.778280] input: ImExPS/2 Generic Explorer Mouse as /devices/platform/i8042/serio1/input/input4
[    2.016226] e1000 0000:00:03.0 eth0: (PCI:33MHz:32-bit) 02:0f:4d:7a:2e:0f
[    2.020010] e1000 0000:00:03.0 eth0: Intel(R) PRO/1000 Network Connection
[    2.025306] mptbase: ioc0: Initiating bringup
[    3.003414] ioc0: LSI53C1030 A0: Capabilities={Initiator}
[    3.253390] scsi host2: ioc0: LSI53C1030 A0, FwRev=00000000h, Ports=1, MaxQ=256, IRQ=20
[    3.371594] scsi 2:0:0:0: Direct-Access     VBOX     HARDDISK         1.0  PQ: 0 ANSI: 5
[    3.375063] scsi target2:0:0: Beginning Domain Validation
[    3.379075] scsi target2:0:0: Domain Validation skipping write tests
[    3.380868] scsi target2:0:0: Ending Domain Validation
[    3.382714] scsi target2:0:0: asynchronous
[    3.384750] scsi 2:0:1:0: Direct-Access     VBOX     HARDDISK         1.0  PQ: 0 ANSI: 5
[    3.387227] scsi target2:0:1: Beginning Domain Validation
[    3.392404] scsi target2:0:1: Domain Validation skipping write tests
[    3.394742] scsi target2:0:1: Ending Domain Validation
[    3.396278] scsi target2:0:1: asynchronous
[    3.427002] sd 2:0:0:0: Attached scsi generic sg0 type 0
[    3.428644] sd 2:0:0:0: [sda] 83886080 512-byte logical blocks: (42.9 GB/40.0 GiB)
[    3.432108] sd 2:0:1:0: Attached scsi generic sg1 type 0
[    3.440736] sd 2:0:1:0: [sdb] 20480 512-byte logical blocks: (10.5 MB/10.0 MiB)
[    3.444662] sd 2:0:1:0: [sdb] Write Protect is off
[    3.446596] sd 2:0:0:0: [sda] Write Protect is off
[    3.448676] sd 2:0:1:0: [sdb] Incomplete mode parameter data
[    3.451184] sd 2:0:1:0: [sdb] Assuming drive cache: write through
[    3.453694] sd 2:0:0:0: [sda] Incomplete mode parameter data
[    3.456983] sd 2:0:0:0: [sda] Assuming drive cache: write through
[    3.462193]  sda: sda1
[    3.464856] sd 2:0:1:0: [sdb] Attached SCSI disk
[    3.466615] sd 2:0:0:0: [sda] Attached SCSI disk
[    4.008179] e1000 0000:00:08.0 eth1: (PCI:33MHz:32-bit) 08:00:27:eb:e7:ec
[    4.010662] e1000 0000:00:08.0 eth1: Intel(R) PRO/1000 Network Connection
[    4.014956] e1000 0000:00:08.0 enp0s8: renamed from eth1
[    4.030589] e1000 0000:00:03.0 enp0s3: renamed from eth0
Begin: Loading essential drivers ... [    5.412918] md: linear personality registered for level -1
[    5.420368] md: multipath personality registered for level -4
[    5.427034] md: raid0 personality registered for level 0
[    5.434144] md: raid1 personality registered for level 1
[    5.505965] raid6: sse2x1   gen()  9213 MB/s
[    5.573581] raid6: sse2x1   xor()  6708 MB/s
[    5.641824] raid6: sse2x2   gen() 11555 MB/s
[    5.709804] raid6: sse2x2   xor()  8427 MB/s
[    5.777576] raid6: sse2x4   gen() 13645 MB/s
[    5.846106] raid6: sse2x4   xor()  9126 MB/s
[    5.913603] raid6: avx2x1   gen() 16300 MB/s
[    5.981770] raid6: avx2x2   gen() 21557 MB/s
[    6.049574] raid6: avx2x4   gen() 21194 MB/s
[    6.052153] raid6: using algorithm avx2x2 gen() 21557 MB/s
[    6.054665] raid6: using avx2x2 recovery algorithm
[    6.057693] xor: automatically using best checksumming function:
[    6.097566]    avx       : 21662.000 MB/sec
[    6.100460] async_tx: api initialized (async)
[    6.113454] md: raid6 personality registered for level 6
[    6.115529] md: raid5 personality registered for level 5
[    6.117167] md: raid4 personality registered for level 4
[    6.125283] md: raid10 personality registered for level 10
done.
Begin: Running /scripts/init-premount ... done.
Begin: Mounting root file system ... Begin: Running /scripts/local-top ... done.
Begin: Running /scripts/local-premount ... [    6.167954] Btrfs loaded
Scanning for Btrfs filesystems
done.
Warning: fsck not present, so skipping root file system
[    6.203753] EXT4-fs (sda1): mounted filesystem with ordered data mode. Opts: (null)
done.
Begin: Running /scripts/local-bottom ... done.
Begin: Running /scripts/init-bottom ... done.
[    6.314184] systemd[1]: systemd 229 running in system mode. (+PAM +AUDIT +SELINUX +IMA +APPARMOR +SMACK +SYSVINIT +UTMP +LIBCRYPTSETUP +GCRYPT +GNUTLS +ACL +XZ -LZ4 +SECCOMP +BLKID +ELFUTILS +KMOD -IDN)
[    6.320726] systemd[1]: Detected virtualization oracle.
[    6.322380] systemd[1]: Detected architecture x86-64.

Welcome to [1mUbuntu 16.04.7 LTS[0m!

[    6.327870] systemd[1]: Set hostname to <ubuntu>.
[    6.333215] systemd[1]: Initializing machine ID from random generator.
[    6.335223] systemd[1]: Installed transient /etc/machine-id file.
[    6.515443] systemd[1]: Reached target System Time Synchronized.
[[0;32m  OK  [0m] Reached target System Time Synchronized.
[    6.522762] systemd[1]: Listening on Journal Socket.
[[0;32m  OK  [0m] Listening on Journal Socket.
[    6.528817] systemd[1]: Listening on LVM2 poll daemon socket.
[[0;32m  OK  [0m] Listening on LVM2 poll daemon socket.
[    6.534916] systemd[1]: Listening on Journal Socket (/dev/log).
[[0;32m  OK  [0m] Listening on Journal Socket (/dev/log).
[    6.542752] systemd[1]: Listening on Syslog Socket.
[[0;32m  OK  [0m] Listening on Syslog Socket.
[    6.549711] systemd[1]: Listening on Device-mapper event daemon FIFOs.
[[0;32m  OK  [0m] Listening on Device-mapper event daemon FIFOs.
[    6.558820] systemd[1]: Created slice System Slice.
[[0;32m  OK  [0m] Created slice System Slice.
[    6.578107] systemd[1]: Starting Load Kernel Modules...
         Starting Load Kernel Modules...
[    6.584290] systemd[1]: Starting Nameserver information manager...
         Starting Nameserver information manager...
[    6.588978] systemd[1]: Starting Create list of required static device nodes for the current kernel...
[    6.593356] Loading iSCSI transport class v2.0-870.
         Starting Create list of required st... nodes for the current kernel...
[    6.599119] systemd[1]: Mounting Debug File System...
         Mounting Debug File System...
[    6.604955] systemd[1]: Starting Uncomplicated firewall...
         Starting Uncomplicated firewall...
[    6.608670] iscsi: registered transport (tcp)
[    6.612117] systemd[1]: Starting Set console keymap...
         Starting Set console keymap...
[    6.616548] systemd[1]: Starting Remount Root and Kernel File Systems...
         Starting Remount Root and Kernel File Systems...
[    6.621931] systemd[1]: Listening on Journal Audit Socket.
[[0;32m  OK  [0[    6.626818] EXT4-fs (sda1): re-mounted. Opts: (null)
m] Listening on Journal Audit Socket.
[    6.632505] systemd[1]: Reached target Swap.
[[0;32m  OK  [0m] Reached target Swap.
[    6.638156] systemd[1]: Mounting Huge Pages File System...
         Mounting Huge Pages File System...
[    6.641185] systemd[1]: Listening on udev Kernel Socket.
[[0;32m  OK  [0m] Listening on udev Kernel Socket.
[    6.646683] systemd[1]: Created slice system-serial\x2dgetty.slice.
[[0;32m  OK  [0m] Created slice system-serial\x2dgetty.slice.
[    6.656169] systemd[1]: Listening on udev Control Socket.
[[0;32m  OK  [0m] Listening on udev Control Socket.
[    6.659217] systemd[1]: Reached target User and Group Name Lookups.
[[0;32m  OK  [0m] Reached target User and Group Name Lookups.
[    6.670510] systemd[1]: Mounting POSIX Message Queue File System...
         Mounting POSIX Message Queue File System...
[    6.675887] systemd[1]: Set up automount Arbitrary Executable File Formats File System Automount Point.
[[0;32m  OK  [0m] Set up automount Arbitrary Executab...ats File System Automount Point.
[    6.687006] systemd[1]: Reached target Encrypted Volumes.
[[0;32m  OK  [0m] Reached target Encrypted Volumes.
[    6.691765] systemd[1]: Started Forward Password Requests to Wall Directory Watch.
[[0;32m  OK  [0m] Started Forward Password Requests to Wall Directory Watch.
[    6.701049] systemd[1]: Created slice User and Session Slice.
[    6.703393] iscsi: registered transport (iser)
[[0;32m  OK  [0m] Created slice User and Session Slice.
[    6.706550] systemd[1]: Reached target Slices.
[[0;32m  OK  [0m] Reached target Slices.
[    6.714457] systemd[1]: Started Trigger resolvconf update for networkd DNS.
[[0;32m  OK  [0m] Started Trigger resolvconf update for networkd DNS.
[    6.726317] systemd[1]: Listening on LVM2 metadata daemon socket.
[[0;32m  OK  [0m] Listening on LVM2 metadata daemon socket.
[    6.741948] systemd[1]: Starting Monitoring of LVM2 mirrors, snapshots etc. using dmeventd or progress polling...
         Starting Monitoring of LVM2 mirrors... dmeventd or progress polling...
[    6.748714] systemd[1]: Listening on /dev/initctl Compatibility Named Pipe.
[[0;32m  OK  [0m] Listening on /dev/initctl Compatibility Named Pipe.
[    6.755851] systemd[1]: Starting Journal Service...
         Starting Journal Service...
[    6.769188] systemd[1]: Mounted POSIX Message Queue File System.
[[0;32m  OK  [0m] Mounted POSIX Message Queue File System.
[    6.774265] systemd[1]: Mounted Huge Pages File System.
[[0;32m  OK  [0m] Mounted Huge Pages File System.
[    6.778175] systemd[1]: Mounted Debug File System.
[[0;32m  OK  [0m] Mounted Debug File System.
[    6.783684] systemd[1]: Started Load Kernel Modules.
[[0;32m  OK  [0m] Started Load Kernel Modules.
[    6.787921] systemd[1]: Started Create list of required static device nodes for the current kernel.
[[0;32m  OK  [0m] Started Create list of required sta...ce nodes for the current kernel.
[    6.794686] systemd[1]: Started Uncomplicated firewall.
[[0;32m  OK  [0m] Started Uncomplicated firewall.
[    6.798662] systemd[1]: Started Set console keymap.
[[0;32m  OK  [0m] Started Set console keymap.
[    6.803289] systemd[1]: Started Remount Root and Kernel File Systems.
[[0;32m  OK  [0m] Started Remount Root and Kernel File Systems.
[    6.819633] systemd[1]: Started Nameserver information manager.
[[0;32m  OK  [0m] Started Nameserver information manager.
[    6.825463] systemd[1]: Started Journal Service.
[[0;32m  OK  [0m] Started Journal Service.
[[0;32m  OK  [0m] Started LVM2 metadata daemon.
         Starting Flush Journal to Persistent Storage...
         Starting Load/Save Random Seed...
         Starting udev Coldplug all Devices...
         Starting Create Static Device Nodes in /dev...
         Mounting FUSE Control File System...
         Starting Apply Kernel Variables...
[[0;32m  OK  [0m] Mounted FUSE Control File System.
[[0;32m  OK  [0m] Started Load/Save Random Seed.
[[0;32m  OK  [0m] Started Apply Kernel Variables.
[[0;32m  OK  [0m] Started Create Static Device Nodes in /dev.
[[0;32m  OK  [0m] Started Flush Journal to Persistent Storage.
         Starting udev Kernel Device Manager...
[[0;32m  OK  [0m] Started udev Kernel Device Manager.
[[0;32m  OK  [0m] Started udev Coldplug all Devices.
[[0;32m  OK  [0m] Started Dispatch Password Requests to Console Directory Watch.
[[0;32m  OK  [0m] Started Monitoring of LVM2 mirrors,...ng dmeventd or progress polling.
[[0;32m  OK  [0m] Reached target Local File Systems (Pre).
[[0;32m  OK  [0m] Reached target Local File Systems.
         Starting Tell Plymouth To Write Out Runtime Data...
         Starting Commit a transient machine-id on disk...
         Starting LSB: AppArmor initialization...
         Starting Create Volatile Files and Directories...
         Starting Set console font and keymap...
         Starting Initial cloud-init job (pre-networking)...
[[0;32m  OK  [0m] Started Tell Plymouth To Write Out Runtime Data.
[[0;32m  OK  [0m] Started Commit a transient machine-id on disk.
[[0;32m  OK  [0m] Started Create Volatile Files and Directories.
         Starting Update UTMP about System Boot/Shutdown...
[[0;32m  OK  [0m] Started Update UTMP about System Boot/Shutdown.
[[0;32m  OK  [0m] Found device /dev/ttyS0.
[[0;32m  OK  [0m] Listening on Load/Save RF Kill Switch Status /dev/rfkill Watch.
[[0;32m  OK  [0m] Started LSB: AppArmor initialization.
[    8.283190] cloud-init[492]: Cloud-init v. 20.4.1-0ubuntu1~16.04.1 running 'init-local' at Tue, 09 Feb 2021 11:19:03 +0000. Up 7.88 seconds.
         Starting Load AppArmor profiles managed internally by snapd...
[[0;32m  OK  [0m] Started Set console font and keymap.
[[0;32m  OK  [0m] Started Initial cloud-init job (pre-networking).
[[0;32m  OK  [0m] Started Load AppArmor profiles managed internally by snapd.
[[0;32m  OK  [0m] Reached target Network (Pre).
         Starting Raise network interfaces...
[[0;32m  OK  [0m] Created slice system-getty.slice.
[[0;32m  OK  [0m] Started Raise network interfaces.
[[0;32m  OK  [0m] Reached target Network.
         Starting Initial cloud-init job (metadata service crawler)...
[    9.796619] cloud-init[944]: Cloud-init v. 20.4.1-0ubuntu1~16.04.1 running 'init' at Tue, 09 Feb 2021 11:19:04 +0000. Up 9.24 seconds.
[    9.800049] cloud-init[944]: ci-info: ++++++++++++++++++++++++++++++++++++++Net device info++++++++++++++++++++++++++++++++++++++
[    9.804145] cloud-init[944]: ci-info: +--------+-------+---------------------------+---------------+--------+-------------------+
[    9.807239] cloud-init[944]: ci-info: | Device |   Up  |          Address          |      Mask     | Scope  |     Hw-Address    |
[    9.811487] cloud-init[944]: ci-info: +--------+-------+---------------------------+---------------+--------+-------------------+
[    9.820571] cloud-init[944]: ci-info: | enp0s3 |  True |         10.0.2.15         | 255.255.255.0 | global | 02:0f:4d:7a:2e:0f |
[    9.823728] cloud-init[944]: ci-info: | enp0s3 |  True | fe80::f:4dff:fe7a:2e0f/64 |       .       |  link  | 02:0f:4d:7a:2e:0f |
[    9.828106] cloud-init[944]: ci-info: | enp0s8 | False |             .             |       .       |   .    | 08:00:27:eb:e7:ec |
[    9.832314] cloud-init[944]: ci-info: |   lo   |  True |         127.0.0.1         |   255.0.0.0   |  host  |         .         |
[    9.836853] cloud-init[944]: ci-info: |   lo   |  True |          ::1/128          |       .       |  host  |         .         |
[    9.840506] cloud-init[944]: ci-info: +--------+-------+---------------------------+---------------+--------+-------------------+
[    9.844639] cloud-init[944]: ci-info: +++++++++++++++++++++++++++Route IPv4 info++++++++++++++++++++++++++++
[    9.850160] cloud-init[944]: ci-info: +-------+-------------+----------+---------------+-----------+-------+
[    9.852866] cloud-init[944]: ci-info: | Route | Destination | Gateway  |    Genmask    | Interface | Flags |
[[0;32m  OK  [0m] Started Initial cloud-init job (metadata service crawler).
[[0;32m  OK  [0m] Reached target Network is Online.
[    9.858043] cloud-init[944]: ci-info: +-------+-------------+----------+---------------+-----------+-------+
[    9.865599] cloud-init[944]: ci-info: |   0   |   0.0.0.0   | 10.0.2.2 |    0.0.0.0    |   enp0s3  |   UG  |
[    9.869735] cloud-init[944]: ci-info: |   1   |   10.0.2.0  | 0.0.0.0  | 255.255.255.0 |   enp0s3  |   U   |
[    9.873120] cloud-init[944]: ci-info: +-------+-------------+----------+---------------+-----------+-------+
         Starting iSCSI initiator daemon (iscsid)...
[[0;32m  OK  [0m] Reached target Cloud-config availability.
[[0;32m  OK  [0m] Reached target System Initialization.
[    9.876616] cloud-init[944]: ci-info: +++++++++++++++++++Route IPv6 info+++++++++++++++++++
[    9.886366]          Starting LXD - unix socket.
[[0;32m  OK  [0m] Started Message of the Day.
cloud-init[944]: ci-info: +-------+-------------+---------+-----------+-------+
[[0;32m  OK  [0m] Started ACPI Events Check.
[[0;32m  OK  [0m] Reached target Paths.
[[0;32m  OK  [0m] Listening on ACPID Listen Socket.
[[0;32m  OK  [0m] Listening on D-Bus System Message Bus Socket.
[[0;32m  OK  [0m] Listening on UUID daemon activation socket.
[[0;32m  OK  [0m] Started Daily Cleanup of Temporary Directories.
[    9.890135] cloud-init[944]: ci-info: | Route | Destination | Gateway | Interface | Flags |
         Starting Socket activation for snappy daemon.
[[0;32m  OK  [0m] Started Daily apt download activities.
[    9.900339] [[0;32m  OK  [0m] Started Daily apt upgrade and clean activities.
[[0;32m  OK  [0m] Reached target Timers.
[[0;32m  OK  [0m] Listening on LXD - unix socket.
[[0;32m  OK  [0m] Listening on Socket activation for snappy daemon.
[[0;32m  OK  [0m] Reached target Sockets.
[[0;32m  OK  [0m] Reached target Basic System.
cloud-init[944]: ci-info: +-------+-------------+---------+-----------+-------+
[    9.912973] cloud-init[944]: ci-info: |   0   |  fe80::/64  |    ::   |   enp0s3  |   U   |
[    9.916045] cloud-init[944]: ci-info: |   3   |   ff00::/8  |    ::   |   enp0s3  |   U   |
         Starting Login Service...
[    9.924856] cloud-init[944]: ci-info: +-------+-------------+---------+-----------+-------+
[[0;32m  OK  [0m] Started ACPI event daemon.
[    9.933877] cloud-init         Starting /etc/rc.local Compatibility...
         Starting LSB: Record successful boot for GRUB...
[[0;32m  OK  [0m] Started FUSE filesystem for LXC.
[944]: Generating public/private rsa key pair.
         Starting System Logging Service...
[    9.946092] cloud-init[944]: Your identification has been saved in /etc/ssh/ssh_host_rsa_key.
         Starting Pollinate to seed the pseudo random number generator...
[[0;32m  OK  [0m] Started Regular background program processing daemon.
         Starting Virtualbox guest utils...
         Starting LSB: MD monitoring daemon...
         Starting Accounts Service...
         Starting Snap Daemon...
[[0;32m  OK  [0m] Started Deferred execution scheduler.
[[0;32m  OK  [0m] Started D-Bus System Message Bus.
[    9.958028] cloud-init[944]: Your public key has been saved in /etc/ssh/ssh_host_rsa_key.pub.
[   10.009860] cloud-init[944]: The key fingerprint is:
[   10.012575] cloud-init[944]: SHA256:TDC77RUoRUahcwUHlr2xU2iJzGpeV+aevv/y92IlqZw root@ubuntu-xenial
[   10.015625] cloud-init[944]: The key's randomart image is:
[   10.030481] cloud-init[944]: +---[RSA 2048]----+
[   10.032517] cloud-init[944]: |      o=XBoo     |
[   10.034677] cloud-init[944]: |       O=+* +    |
[   10.036849] cloud-init[944]: |      =.+..O     |
[   10.038557] cloud-init[944]: |      oO. =..    |
[   10.040407] cloud-init[944]: |     o..S..o . . |
[   10.044647] cloud-init[944]: |      .. .  o o .|
[   10.051671] cloud-init[944]: |        .  o o o |
[   10.054210] cloud-init[944]: |            E + .|
[   10.057770] cloud-init[944]: |            .+.=*|
         Starting LXD - container startup/shutdown...
[   10.075171] cloud-init[944]: +----[SHA256]-----+
[   10.077092] [[0;32m  OK  [0m] Started System Logging Service.
[[0;32m  OK  [0m] Started /etc/rc.local Compatibility.
cloud-init[944]: Generating public/private dsa key pair.
[   10.083354] cloud-init[944]: Your identification has been saved in /etc/ssh/ssh_host_dsa_key.
[   10.087058] cloud-init[944]: Your public key has been saved in /etc/ssh/ssh_host_dsa_key.pub.
[   10.090559] cloud-init[944]: The key fingerprint is:
[   10.096276] [[0;32m  OK  [0m] Started Login Service.
cloud-init[944]: SHA256:UhOpp9IBUUgoDCdxpOJrhTGrTuEbpzKhViKvpWxsXMk root@ubuntu-xenial
[   10.117409] cloud-init[944]: The key's randomart image is:
[[0;32m  OK  [0m] Started Unattended Upgrades Shutdown.
[[0;32m  OK  [0m] Started iSCSI initiator daemon (iscsid).
         Starting Login to default iSCSI targets...
[[0;32m  OK  [0m] Started LSB: MD monitoring daemon.
[   10.120652] cloud-init[944]: +---[DSA 1024]----+
[   10.147253] [[0;32m  OK  [0m] Started LSB: Record successful boot for GRUB.
cloud-init         Starting Authenticate and Authorize Users to Run Privileged Tasks...
[944]: |*o+oo+. ..       |
[   10.162595] cloud-init[944]: |.*. o   ..       |
[   10.169584] cloud-init[944]: |o+   . .o        |
[   10.172043] cloud-init[944]: |o =   o...       |
[   10.177032] cloud-init[944]: | =.....+S        |
[   10.177082] cloud-init[944]: |=.+E. o.         |
[   10.177322] cloud-init[944]: |*O=. .           |
[   10.177471] cloud-init[944]: |OO*              |
[[0;32m  OK  [0m] Started Login to default iSCSI targets.
[[0;32m  OK  [0m] Reached target Remote File Systems (Pre).
[[0;32m  OK  [0m] Reached target Remote File Systems.
[   10.177615] cloud-init[944]: |BB               |
         Starting LSB: Set the CPU Frequency Scaling governor to "ondemand"...
         Starting LSB: daemon to balance interrupts for SMP systems...
         Starting LSB: automatic crash report generation...
         Starting Permit User Sessions...
[   10.221723] cloud-init[944]: +----[SHA256]-----+
[[0;32m  OK  [0m] Started Permit User Sessions.
         Starting Hold until boot process finishes up...
         Starting Terminate Plymouth Boot Screen...
[   10.225971] cloud-init[944]: Generating public/private ecdsa key pair.
[[0;32m  OK  [0m] Started Hold until boot process finishes up.
[   10.245954] cloud-init[944]: Your identification has been saved in /etc/ssh/ssh_host_ecdsa_key.[[0;32m  OK  [0m] Started Terminate Plymouth Boot Screen.

[   10.259714] [[0;32m  OK  [0m] Started Authenticate and Authorize Users to Run Privileged Tasks.
cloud-init[944]: Your public key has been saved in /etc/ssh/ssh_host_ecdsa_key.pub.
[   10.264099] [[0;32m  OK  [0m] Started Accounts Service.
cloud-init[944]: The key fingerprint is:
[   10.284835]          cloud-initStarting Set console scheme...[944]: 
SHA256:zZSsDysuzADR+cUg6JrgzV6v6PcBgTj20ErByIUyqg8 root@ubuntu-xenial
[   10.294518] [[0;32m  OK  [0m] Started Getty on tty1.
[[0;32m  OK  [0m] Started Serial Getty on ttyS0.
[[0;32m  OK  [0m] Reached target Login Prompts.
cloud-init[944]: The key's randomart image is:[[0;32m  OK  [0m] Started Set console scheme.

[[0;32m  OK  [0m] Started LSB: Set the CPU Frequency Scaling governor to "ondemand".
[[0;32m  OK  [0m] Started LXD - container startup/shutdown.
[   10.318934] cloud-init[944]: +---[ECDSA 256]---+
[   10.328860] cloud-init[944]: |+++o.o           |
[   10.330833] cloud-init[944]: |*+*.. o  . .     |
[[0;32m  OK  [0m] Started LSB: automatic crash report generation.
[[0;32m  OK  [0m] Started LSB: daemon to balance interrupts for SMP systems.
[   10.331713] cloud-init[944]: |+O + o    +      |
[   10.340010] cloud-init[944]: |*.= . .  =       |
[   10.345001] cloud-init[944]: |=+o. .  S o      |
[   10.353181] cloud-init[944]: |E..o ..  +       |
[   10.368204] cloud-init[944]: | o.+. o.. .      |
[   10.369625] cloud-init[944]: |  ..=o o.        |
[   10.371326] cloud-init[944]: |  .o.o+.         |
[   10.373108] cloud-init[944]: [[0;32m  OK  [0m] Started Virtualbox guest utils.
+----[SHA256]-----+
[   10.381289] cloud-init[944]: Generating public/private ed25519 key pair.
[   10.384531] cloud-init[944]: Your identification has been saved in /etc/ssh/ssh_host_ed25519_key.
[   10.389809] cloud-init[944]: Your public key has been saved in /etc/ssh/ssh_host_ed25519_key.pub.
[   10.393622] cloud-init[944]: The key fingerprint is:
[   10.397802] cloud-init[944]: SHA256:hfnaEeyGrWDdHo+lTBz3//iYYI8pnZS2Ju1RQvijWWc root@ubuntu-xenial
[   10.402953] cloud-init[944]: The key's randomart image is:
[   10.405564] cloud-init[944]: +--[ED25519 256]--+
[   10.417056] cloud-init[944]: |                 |
[   10.418712] cloud-init[944]: |         + .     |
[   10.422309] cloud-init[944]: |        o * o    |
[   10.423969] cloud-init[944]: |       . O * .   |
[   10.425802] cloud-init[944]: |      o S @ *.E  |
[   10.428364] cloud-init[944]: |     . . O @+* . |
[   10.430836] cloud-init[944]: |        o O==o  .|
[   10.432580] cloud-init[944]: |          o.** +.|
[   10.434055] cloud-init[944]: |           =+ =.o|
[   10.440860] cloud-init[944]: +----[SHA256]-----+
[[0;32m  OK  [0m] Started Snap Daemon.
         Starting Wait until snapd is fully seeded...
[[0;32m  OK  [0m] Started Pollinate to seed the pseudo random number generator.
         Starting OpenBSD Secure Shell server...
[[0;32m  OK  [0m] Started OpenBSD Secure Shell server.
[[0;32m  OK  [0m] Created slice User Slice of vagrant.
         Starting User Manager for UID 1000...
[[0;32m  OK  [0m] Started Session 1 of user vagrant.
[[0;32m  OK  [0m] Started User Manager for UID 1000.
[[0;32m  OK  [0m] Started Wait until snapd is fully seeded.
[[0;32m  OK  [0m] Reached target Multi-User System.
[[0;32m  OK  [0m] Reached target Graphical Interface.
         Starting Update UTMP about System Runlevel Changes...
         Starting Apply the settings specified in cloud-config...
[[0;32m  OK  [0m] Started Update UTMP about System Runlevel Changes.
[   13.340318] cloud-init[1365]: Generating locales (this might take a while)...
[   14.286908] cloud-init[1365]:   en_US.UTF-8... done
[   14.291230] cloud-init[1365]: Generation complete.
[[0;32m  OK  [0m] Started Session 2 of user vagrant.
[   14.745296] cloud-init[1365]: Cloud-init v. 20.4.1-0ubuntu1~16.04.1 running 'modules:config' at Tue, 09 Feb 2021 11:19:08 +0000. Up 13.20 seconds.
[[0;32m  OK  [0m] Started Apply the settings specified in cloud-config.
         Starting Execute cloud user/final scripts...
ci-info: no authorized SSH keys fingerprints found for user ubuntu.
<14>Feb  9 11:19:10 ec2: 
<14>Feb  9 11:19:10 ec2: #############################################################
<14>Feb  9 11:19:10 ec2: -----BEGIN SSH HOST KEY FINGERPRINTS-----
<14>Feb  9 11:19:10 ec2: 1024 SHA256:UhOpp9IBUUgoDCdxpOJrhTGrTuEbpzKhViKvpWxsXMk root@ubuntu-xenial (DSA)
<14>Feb  9 11:19:10 ec2: 256 SHA256:zZSsDysuzADR+cUg6JrgzV6v6PcBgTj20ErByIUyqg8 root@ubuntu-xenial (ECDSA)
<14>Feb  9 11:19:10 ec2: 256 SHA256:hfnaEeyGrWDdHo+lTBz3//iYYI8pnZS2Ju1RQvijWWc root@ubuntu-xenial (ED25519)
<14>Feb  9 11:19:10 ec2: 2048 SHA256:TDC77RUoRUahcwUHlr2xU2iJzGpeV+aevv/y92IlqZw root@ubuntu-xenial (RSA)
<14>Feb  9 11:19:10 ec2: -----END SSH HOST KEY FINGERPRINTS-----
<14>Feb  9 11:19:10 ec2: #############################################################
-----BEGIN SSH HOST KEY KEYS-----
ecdsa-sha2-nistp256 AAAAE2VjZHNhLXNoYTItbmlzdHAyNTYAAAAIbmlzdHAyNTYAAABBBCNjnijaGSTJwPt4TZ7r0R1K8yAyLgWrn6r/Vf6OMEExrnp4XpRyx6Q6ct6FNA/Oah3erGYMD+/wpT1rXrhJfpc= root@ubuntu-xenial
ssh-ed25519 AAAAC3NzaC1lZDI1NTE5AAAAIOysIdNDdt9W4e8TXLWWblTfY01PPa2YyJ+bm8B0P2ri root@ubuntu-xenial
ssh-rsa AAAAB3NzaC1yc2EAAAADAQABAAABAQDYFlssWsxuxzWiJ1C4GhiTJ7RXlxdWYwKxc7F39WYh7KRdOkoBbt5wjYNVTW5oHABWu5CZD/lV4XTjHYJ5MxoRgHM93arTY+0SWhKxoIMNxgwQXe3IHRsy4Ee7LHB1RNd5rLunTQqJs3zUeaw5eHA5AtZIsv2hCnxDdWBiTJucF2YcAhy9LS+nSin1uSs7QHzislH+4oUOsoCa0cFiRnTT7lItoYEDToh1oVlBjcvZud117cHehcpLpo1V6UE0UdNS5JjECS11gCICLHBtlika4+vnZe+DPBQArsrqLIBSGjGyd3+xDOw6jXuES5d2soV6Up6+mMdctUunqr16k1Wr root@ubuntu-xenial
-----END SSH HOST KEY KEYS-----
[   15.396740] cloud-init[1593]: Cloud-init v. 20.4.1-0ubuntu1~16.04.1 running 'modules:final' at Tue, 09 Feb 2021 11:19:10 +0000. Up 15.12 seconds.
[   15.396939] cloud-init[1593]: ci-info: no authorized SSH keys fingerprints found for user ubuntu.
[   15.397595] cloud-init[1593]: Cloud-init v. 20.4.1-0ubuntu1~16.04.1 finished at Tue, 09 Feb 2021 11:19:10 +0000. Datasource DataSourceNoCloud [seed=/dev/sdb][dsmode=net].  Up 15.38 seconds

Ubuntu 16.04.7 LTS ubuntu-xenial ttyS0

ubuntu-xenial login: 